{
  "RSpec": {
    "coverage": {
      "/data/home/ubuntu/Desktop/snapslikeapp2-89023-ruby/template-app/app/models/account_block/account.rb": [
        1,
        1,
        1,
        1,
        null,
        1,
        null,
        null,
        null,
        null,
        1,
        1,
        1,
        1,
        1,
        1,
        null,
        null,
        1,
        1,
        1,
        1,
        null,
        3,
        2,
        null,
        1,
        16,
        null,
        null,
        1,
        null,
        1,
        0,
        0,
        0,
        0,
        null,
        null,
        1,
        0,
        0,
        null,
        null,
        null,
        1,
        0,
        0,
        0,
        null,
        0,
        null,
        null,
        1,
        0,
        0,
        0,
        null,
        0,
        null,
        null,
        null,
        null,
        1,
        0,
        null,
        null,
        1,
        108,
        1188,
        null,
        108,
        108,
        null,
        null,
        1,
        108,
        0,
        null,
        108,
        null,
        null,
        null,
        null
      ],
      "/data/home/ubuntu/Desktop/snapslikeapp2-89023-ruby/template-app/app/models/account_block/application_record.rb": [
        1,
        1,
        1,
        null,
        null
      ],
      "/data/home/ubuntu/Desktop/snapslikeapp2-89023-ruby/template-app/app/models/builder_base/application_record.rb": [
        1,
        1,
        1,
        1,
        null,
        null
      ],
      "/data/home/ubuntu/Desktop/snapslikeapp2-89023-ruby/template-app/app/models/application_record.rb": [
        1,
        1,
        null
      ],
      "/data/home/ubuntu/Desktop/snapslikeapp2-89023-ruby/template-app/app/concerns/bx_block_language_options/patch_account_block_associations.rb": [
        1,
        1,
        1,
        null,
        1,
        1,
        null,
        null,
        1,
        null,
        null,
        1,
        null,
        null,
        null,
        null,
        null,
        null
      ],
      "/data/home/ubuntu/Desktop/snapslikeapp2-89023-ruby/template-app/app/concerns/bx_block_content_management/patch_account_block_associations.rb": [
        1,
        1,
        1,
        null,
        1,
        1,
        null,
        1,
        null,
        1,
        null,
        1,
        null,
        1,
        null,
        1,
        null,
        1,
        1,
        null,
        1,
        null,
        null,
        null,
        null
      ],
      "/data/home/ubuntu/Desktop/snapslikeapp2-89023-ruby/template-app/app/concerns/bx_block_profile/patch_account_block.rb": [
        1,
        1,
        1,
        null,
        1,
        1,
        null,
        null,
        null
      ],
      "/data/home/ubuntu/Desktop/snapslikeapp2-89023-ruby/template-app/app/concerns/bx_block_push_notifications/patch_account_block_associations.rb": [
        1,
        1,
        1,
        null,
        1,
        1,
        null,
        null,
        null,
        null,
        1,
        null,
        null,
        null,
        1,
        null,
        null,
        null
      ],
      "/data/home/ubuntu/Desktop/snapslikeapp2-89023-ruby/template-app/app/concerns/bx_block_posts/patch_account_block_associations.rb": [
        1,
        1,
        1,
        null,
        1,
        1,
        1,
        null,
        null,
        null,
        null
      ],
      "/data/home/ubuntu/Desktop/snapslikeapp2-89023-ruby/template-app/app/concerns/bx_block_like/patch_account_block_associations.rb": [
        1,
        1,
        1,
        null,
        1,
        1,
        null,
        null,
        null,
        null,
        null,
        null,
        null
      ],
      "/data/home/ubuntu/Desktop/snapslikeapp2-89023-ruby/template-app/app/models/bx_block_posts/post.rb": [
        1,
        1,
        1,
        null,
        null,
        null,
        null,
        1,
        null,
        1,
        null,
        1,
        null,
        null,
        1,
        null,
        null,
        null,
        1,
        1,
        null,
        1,
        1,
        null,
        null,
        null,
        null,
        1,
        0,
        0,
        0,
        0,
        0,
        0,
        null,
        0,
        null,
        null,
        1,
        0,
        null,
        0,
        0,
        0,
        0,
        null,
        null,
        null,
        null,
        null,
        null,
        0,
        null,
        null,
        null
      ],
      "/data/home/ubuntu/Desktop/snapslikeapp2-89023-ruby/template-app/app/models/bx_block_posts/application_record.rb": [
        1,
        1,
        1,
        null,
        null
      ],
      "/data/home/ubuntu/Desktop/snapslikeapp2-89023-ruby/template-app/app/validators/bx_block_posts/blob_validator.rb": [
        1,
        null,
        1,
        1,
        1,
        1,
        null,
        0,
        0,
        0,
        0,
        null,
        null,
        null,
        null,
        0,
        0,
        null,
        null,
        null,
        null,
        null,
        null,
        null,
        0,
        0,
        null,
        null,
        null,
        null,
        1,
        null,
        1,
        0,
        null,
        null,
        null,
        null,
        1,
        0,
        null,
        null,
        null,
        null,
        1,
        0,
        null,
        0,
        null,
        0,
        null,
        0,
        null,
        0,
        null,
        0,
        null,
        null,
        null,
        null
      ],
      "/data/home/ubuntu/Desktop/snapslikeapp2-89023-ruby/template-app/app/concerns/bx_block_like/patch_bx_block_posts_associations.rb": [
        1,
        1,
        1,
        null,
        1,
        1,
        1,
        null,
        null,
        null,
        1,
        null,
        null,
        null,
        null,
        null,
        null,
        null
      ],
      "/data/home/ubuntu/Desktop/snapslikeapp2-89023-ruby/template-app/app/models/bx_block_location/location.rb": [
        1,
        1,
        1,
        1,
        null,
        1,
        null,
        null
      ],
      "/data/home/ubuntu/Desktop/snapslikeapp2-89023-ruby/template-app/app/services/bx_block_profile/update_account_validator.rb": [
        1,
        1,
        1,
        null,
        null,
        1,
        null,
        null,
        null,
        null,
        null,
        null,
        1,
        1,
        null,
        1,
        1,
        1,
        1,
        1,
        1,
        null,
        1,
        0,
        null,
        0,
        null,
        0,
        0,
        null,
        null,
        null,
        1,
        0,
        0,
        null,
        null,
        1,
        0,
        null,
        0,
        null,
        0,
        0,
        0,
        null,
        0,
        0,
        null,
        null,
        0,
        null,
        null,
        1,
        null,
        1,
        0,
        0,
        0,
        null,
        null,
        1,
        0,
        null,
        0,
        null,
        0,
        null,
        null,
        1,
        0,
        0,
        0,
        null,
        null,
        1,
        0,
        null,
        0,
        0,
        null,
        null,
        null,
        null
      ],
      "/data/home/ubuntu/Desktop/snapslikeapp2-89023-ruby/template-app/app/models/account_block/email_account.rb": [
        1,
        1,
        1,
        1,
        null,
        null,
        1,
        0,
        null,
        null,
        0,
        0,
        null,
        null,
        null
      ],
      "/data/home/ubuntu/Desktop/snapslikeapp2-89023-ruby/template-app/app/models/account_block/email_otp.rb": [
        1,
        1,
        1,
        null,
        1,
        null,
        1,
        1,
        null,
        1,
        null,
        1,
        null,
        1,
        6,
        6,
        6,
        null,
        null,
        1,
        null,
        1,
        9,
        1,
        null,
        null,
        null,
        null
      ],
      "/data/home/ubuntu/Desktop/snapslikeapp2-89023-ruby/template-app/app/models/account_block/sms_otp.rb": [
        1,
        1,
        1,
        null,
        1,
        null,
        1,
        null,
        1,
        1,
        null,
        1,
        1,
        null,
        1,
        null,
        1,
        4,
        4,
        4,
        null,
        null,
        1,
        6,
        null,
        null,
        6,
        6,
        null,
        null,
        1,
        null,
        1,
        6,
        6,
        null,
        null,
        1,
        6,
        1,
        null,
        null,
        null,
        null
      ],
      "/data/home/ubuntu/Desktop/snapslikeapp2-89023-ruby/template-app/app/models/bx_block_address/address.rb": [
        1,
        1,
        1,
        null,
        1,
        null,
        null,
        1,
        null,
        null,
        1,
        1,
        1,
        2,
        null,
        null,
        null,
        null,
        null,
        null,
        null,
        null,
        null,
        null,
        null
      ],
      "/data/home/ubuntu/Desktop/snapslikeapp2-89023-ruby/template-app/app/models/bx_block_address/application_record.rb": [
        1,
        1,
        1,
        null,
        null
      ],
      "/data/home/ubuntu/Desktop/snapslikeapp2-89023-ruby/template-app/app/models/bx_block_referrals/referral_user.rb": [
        1,
        1,
        1,
        null,
        1,
        null,
        null,
        null,
        null
      ],
      "/data/home/ubuntu/Desktop/snapslikeapp2-89023-ruby/template-app/app/controllers/application_controller.rb": [
        1,
        114,
        null
      ],
      "/data/home/ubuntu/Desktop/snapslikeapp2-89023-ruby/template-app/app/models/admin_user.rb": [
        1,
        null,
        null,
        1,
        null,
        null
      ],
      "/data/home/ubuntu/Desktop/snapslikeapp2-89023-ruby/template-app/app/admin/about_us.rb": [
        1,
        1,
        null,
        1,
        1,
        1,
        1,
        1,
        null,
        1,
        1,
        null,
        null,
        1,
        1,
        1,
        1,
        null,
        1,
        null,
        null,
        1,
        1,
        1,
        1,
        null,
        1,
        null,
        null,
        null
      ],
      "/data/home/ubuntu/Desktop/snapslikeapp2-89023-ruby/template-app/app/models/bx_block_admin/about_us.rb": [
        1,
        1,
        1,
        1,
        null,
        1,
        null,
        null
      ],
      "/data/home/ubuntu/Desktop/snapslikeapp2-89023-ruby/template-app/app/models/bx_block_admin/application_record.rb": [
        1,
        1,
        1,
        null,
        null
      ],
      "/data/home/ubuntu/Desktop/snapslikeapp2-89023-ruby/template-app/app/admin/admin_users.rb": [
        1,
        1,
        null,
        1,
        0,
        0,
        0,
        0,
        0,
        0,
        0,
        null,
        null,
        1,
        1,
        1,
        1,
        null,
        1,
        0,
        0,
        0,
        0,
        null,
        0,
        null,
        null,
        null,
        1,
        null
      ],
      "/data/home/ubuntu/Desktop/snapslikeapp2-89023-ruby/template-app/app/admin/bx_block_book_additional_price_per_pages.rb": [
        1,
        1,
        null
      ],
      "/data/home/ubuntu/Desktop/snapslikeapp2-89023-ruby/template-app/app/models/bx_block_book/additional_price_per_page.rb": [
        1,
        1,
        1,
        null,
        1,
        null,
        1,
        0,
        0,
        null,
        0,
        null,
        null,
        null,
        null
      ],
      "/data/home/ubuntu/Desktop/snapslikeapp2-89023-ruby/template-app/app/models/bx_block_book/application_record.rb": [
        1,
        1,
        1,
        null,
        null
      ],
      "/data/home/ubuntu/Desktop/snapslikeapp2-89023-ruby/template-app/app/admin/bx_block_book_book_colors.rb": [
        1,
        1,
        null,
        1,
        1,
        9,
        9,
        null,
        0,
        null,
        null,
        null,
        1,
        1,
        1,
        1,
        0,
        0,
        0,
        0,
        null,
        null,
        null,
        null,
        null,
        1,
        1,
        1,
        1,
        1,
        1,
        1,
        null,
        null,
        null,
        1,
        null,
        null
      ],
      "/data/home/ubuntu/Desktop/snapslikeapp2-89023-ruby/template-app/app/models/bx_block_book/book_color.rb": [
        1,
        1,
        1,
        null,
        1,
        1,
        1,
        null,
        1,
        0,
        0,
        null,
        0,
        null,
        null,
        null,
        null
      ],
      "/data/home/ubuntu/Desktop/snapslikeapp2-89023-ruby/template-app/app/admin/bx_block_book_books.rb": [
        1,
        1,
        null,
        1,
        1,
        1,
        1,
        null,
        1,
        1,
        null,
        null,
        null,
        null,
        null,
        null,
        null,
        null,
        null,
        null,
        null,
        0,
        null,
        null,
        null,
        1,
        0,
        null,
        null,
        1,
        0,
        0,
        0,
        0,
        0,
        0,
        0,
        0,
        0,
        0,
        0,
        0,
        null,
        0,
        0,
        0,
        null,
        null,
        null,
        null,
        1,
        0,
        0,
        0,
        null,
        0,
        0,
        null,
        null,
        0,
        0,
        0,
        null,
        null,
        null,
        0,
        0,
        0,
        0,
        null,
        null,
        null,
        0,
        0,
        0,
        0,
        null,
        null,
        null,
        null,
        null,
        null
      ],
      "/data/home/ubuntu/Desktop/snapslikeapp2-89023-ruby/template-app/app/models/bx_block_book/book.rb": [
        1,
        1,
        1,
        1,
        null,
        null,
        null,
        null,
        1,
        null,
        1,
        1,
        1,
        1,
        null,
        null,
        1,
        0,
        null,
        null,
        null
      ],
      "/data/home/ubuntu/Desktop/snapslikeapp2-89023-ruby/template-app/app/admin/bx_block_book_delivery_charges.rb": [
        1,
        1,
        null
      ],
      "/data/home/ubuntu/Desktop/snapslikeapp2-89023-ruby/template-app/app/models/bx_block_book/delivery_charge.rb": [
        1,
        1,
        1,
        1,
        null,
        1,
        0,
        0,
        null,
        0,
        null,
        null,
        null,
        null
      ],
      "/data/home/ubuntu/Desktop/snapslikeapp2-89023-ruby/template-app/app/admin/bx_block_book_image_limits.rb": [
        1,
        null,
        null,
        null,
        null,
        null,
        null,
        1,
        null,
        null,
        null,
        null,
        null,
        null,
        null,
        null,
        null,
        null
      ],
      "/data/home/ubuntu/Desktop/snapslikeapp2-89023-ruby/template-app/app/models/bx_block_book/image_limit.rb": [
        1,
        1,
        1,
        null,
        null,
        null
      ],
      "/data/home/ubuntu/Desktop/snapslikeapp2-89023-ruby/template-app/app/admin/bx_block_book_prices.rb": [
        1,
        1,
        null,
        1,
        1,
        0,
        0,
        null,
        0,
        null,
        null,
        null,
        null
      ],
      "/data/home/ubuntu/Desktop/snapslikeapp2-89023-ruby/template-app/app/models/bx_block_book/price.rb": [
        1,
        1,
        1,
        null,
        1,
        1,
        1,
        1,
        1,
        1,
        null,
        1,
        0,
        0,
        null,
        0,
        null,
        null,
        null,
        1,
        null,
        1,
        46,
        0,
        null,
        0,
        null,
        null,
        null,
        null
      ],
      "/data/home/ubuntu/Desktop/snapslikeapp2-89023-ruby/template-app/app/admin/bx_block_discountsoffers_offers.rb": [
        1,
        1,
        null,
        1,
        1,
        1,
        1,
        1,
        null,
        1,
        1,
        null,
        null,
        1,
        1,
        null,
        null,
        1,
        1,
        null,
        null,
        1,
        3,
        3,
        null,
        1,
        1,
        1,
        1,
        1,
        null,
        1,
        1,
        1,
        1,
        1,
        1,
        1,
        1,
        null,
        null,
        1,
        null,
        null
      ],
      "/data/home/ubuntu/Desktop/snapslikeapp2-89023-ruby/template-app/app/models/bx_block_discountsoffers/offer.rb": [
        1,
        1,
        1,
        null,
        53,
        1,
        null,
        1,
        1,
        1,
        1,
        null,
        1,
        1,
        1,
        null,
        1,
        1,
        1,
        null,
        1,
        null,
        1,
        51,
        0,
        null,
        null,
        null,
        null,
        1,
        0,
        0,
        0,
        0,
        null,
        null,
        null,
        null,
        null,
        null
      ],
      "/data/home/ubuntu/Desktop/snapslikeapp2-89023-ruby/template-app/app/models/bx_block_discountsoffers/application_record.rb": [
        1,
        1,
        1,
        null,
        null
      ],
      "/data/home/ubuntu/Desktop/snapslikeapp2-89023-ruby/template-app/app/admin/bx_block_help_centre_question_answers.rb": [
        1,
        1,
        null
      ],
      "/data/home/ubuntu/Desktop/snapslikeapp2-89023-ruby/template-app/app/models/bx_block_help_centre/question_answer.rb": [
        1,
        1,
        1,
        null,
        1,
        null,
        null
      ],
      "/data/home/ubuntu/Desktop/snapslikeapp2-89023-ruby/template-app/app/models/bx_block_help_centre/application_record.rb": [
        1,
        1,
        1,
        null,
        null
      ],
      "/data/home/ubuntu/Desktop/snapslikeapp2-89023-ruby/template-app/app/admin/bx_block_order_management_order_transactions.rb": [
        1,
        null,
        null,
        null,
        null,
        null,
        null,
        1,
        null,
        null,
        null,
        null,
        null,
        null,
        null,
        null,
        null,
        1,
        0,
        0,
        0,
        0,
        0,
        0,
        0,
        0,
        0,
        0,
        null,
        null
      ],
      "/data/home/ubuntu/Desktop/snapslikeapp2-89023-ruby/template-app/app/models/bx_block_order_management/order_transaction.rb": [
        null,
        null,
        null,
        null,
        null,
        null,
        null,
        null,
        null,
        null,
        null,
        null,
        null,
        null,
        1,
        1,
        1,
        null,
        1,
        1,
        null,
        null,
        null
      ],
      "/data/home/ubuntu/Desktop/snapslikeapp2-89023-ruby/template-app/app/models/bx_block_order_management/application_record.rb": [
        1,
        1,
        1,
        null,
        null
      ],
      "/data/home/ubuntu/Desktop/snapslikeapp2-89023-ruby/template-app/app/admin/bx_block_stories_blogs.rb": [
        1,
        1,
        null,
        null,
        null,
        null,
        null,
        null,
        1,
        null,
        1,
        0,
        0,
        null,
        0,
        0,
        0,
        0,
        null,
        0,
        0,
        0,
        null,
        null,
        null,
        1,
        0,
        0,
        0,
        0,
        0,
        0,
        0,
        null,
        0,
        null,
        null,
        null,
        null,
        0,
        0,
        0,
        0,
        null,
        null,
        null
      ],
      "/data/home/ubuntu/Desktop/snapslikeapp2-89023-ruby/template-app/app/models/bx_block_stories/blog.rb": [
        1,
        1,
        1,
        null,
        1,
        null,
        1,
        1,
        1,
        null,
        1,
        1,
        1,
        null,
        1,
        0,
        0,
        0,
        null,
        null,
        null,
        null
      ],
      "/data/home/ubuntu/Desktop/snapslikeapp2-89023-ruby/template-app/app/admin/bx_block_stories_stories.rb": [
        1,
        1,
        null,
        null,
        null,
        null,
        null,
        null,
        1,
        null,
        null,
        1,
        null,
        1,
        1,
        1,
        1,
        1,
        1,
        0,
        0,
        null,
        0,
        null,
        null,
        null,
        null,
        1,
        1,
        1,
        1,
        null,
        null,
        1,
        1,
        1,
        1,
        1,
        1,
        0,
        0,
        null,
        0,
        null,
        null,
        null,
        null,
        1,
        1,
        1,
        1,
        null,
        null,
        null,
        1,
        1,
        1,
        1,
        1,
        1,
        null,
        1,
        1,
        1,
        1,
        null,
        1,
        1,
        null,
        1,
        1,
        1,
        null,
        null,
        null,
        1,
        1,
        0,
        0,
        0,
        0,
        0,
        0,
        0,
        0,
        0,
        0,
        null,
        0,
        null,
        null,
        null,
        0,
        null,
        null,
        null,
        1,
        0,
        0,
        0,
        0,
        0,
        0,
        0,
        0,
        0,
        0,
        null,
        0,
        null,
        null,
        null,
        0,
        null,
        null,
        null,
        null
      ],
      "/data/home/ubuntu/Desktop/snapslikeapp2-89023-ruby/template-app/app/models/bx_block_stories/story.rb": [
        1,
        1,
        1,
        null,
        1,
        null,
        1,
        1,
        null,
        1,
        11,
        9,
        1,
        1,
        null,
        1,
        null,
        1,
        7,
        0,
        0,
        0,
        null,
        null,
        null,
        null,
        null,
        1,
        7,
        6,
        null,
        null,
        null,
        null
      ],
      "/data/home/ubuntu/Desktop/snapslikeapp2-89023-ruby/template-app/app/admin/custom_emails.rb": [
        1,
        null,
        1,
        null,
        1,
        1,
        1,
        null,
        1,
        1,
        1,
        1,
        1,
        1,
        1,
        1,
        1,
        null,
        1,
        1,
        1,
        1,
        1,
        1,
        null,
        null,
        1,
        null,
        null,
        1,
        1,
        1,
        null,
        1,
        1,
        1,
        1,
        1,
        null,
        1,
        1,
        null,
        1,
        1,
        null,
        1,
        1,
        1,
        null,
        null,
        1,
        1,
        1,
        null,
        null,
        1,
        1,
        1,
        null,
        null,
        1,
        1,
        1,
        null,
        null,
        1,
        1,
        1,
        null,
        null,
        1,
        1,
        1,
        null,
        null,
        1,
        1,
        1,
        null,
        null,
        1,
        1,
        1,
        null,
        null,
        null,
        null,
        null,
        1,
        1,
        1,
        1,
        1,
        1,
        1,
        2,
        null,
        1,
        2,
        null,
        1,
        2,
        null,
        1,
        2,
        2,
        null,
        null,
        1,
        2,
        2,
        null,
        null,
        1,
        2,
        2,
        null,
        null,
        1,
        2,
        2,
        null,
        null,
        1,
        2,
        2,
        null,
        null,
        1,
        2,
        2,
        null,
        null,
        1,
        2,
        2,
        null,
        null,
        1,
        2,
        2,
        null,
        null,
        1,
        null,
        null
      ],
      "/data/home/ubuntu/Desktop/snapslikeapp2-89023-ruby/template-app/app/models/bx_block_content_management/custom_email.rb": [
        1,
        1,
        1,
        null,
        1,
        1,
        1,
        1,
        1,
        1,
        1,
        1,
        1,
        1,
        null,
        null
      ],
      "/data/home/ubuntu/Desktop/snapslikeapp2-89023-ruby/template-app/app/admin/dashboard.rb": [
        1,
        18,
        null,
        1,
        0,
        0,
        0,
        0,
        null,
        null,
        null,
        null,
        null,
        null,
        null,
        null,
        null,
        null,
        null,
        null,
        null,
        null,
        null,
        null,
        null,
        null,
        null,
        null,
        null,
        null,
        null,
        null,
        null,
        1,
        null
      ],
      "/data/home/ubuntu/Desktop/snapslikeapp2-89023-ruby/template-app/app/admin/dashboard_media_files.rb": [
        1,
        1,
        null,
        1,
        0,
        0,
        0,
        0,
        0,
        null,
        null,
        1,
        0,
        0,
        0,
        0,
        0,
        null,
        0,
        null,
        null,
        1,
        0,
        0,
        0,
        0,
        0,
        0,
        0,
        0,
        0,
        0,
        0,
        null,
        null,
        0,
        null,
        null,
        0,
        0,
        0,
        null,
        0,
        null,
        null,
        null,
        null,
        null,
        null,
        null,
        null,
        null
      ],
      "/data/home/ubuntu/Desktop/snapslikeapp2-89023-ruby/template-app/app/models/account_block/dashboard_media_file.rb": [
        1,
        1,
        1,
        null,
        1,
        1,
        null,
        null
      ],
      "/data/home/ubuntu/Desktop/snapslikeapp2-89023-ruby/template-app/app/admin/draft_mail_timers.rb": [
        1,
        1,
        null,
        null,
        null
      ],
      "/data/home/ubuntu/Desktop/snapslikeapp2-89023-ruby/template-app/app/models/account_block/draft_mail_timer.rb": [
        1,
        1,
        1,
        null,
        null,
        null
      ],
      "/data/home/ubuntu/Desktop/snapslikeapp2-89023-ruby/template-app/app/admin/orders.rb": [
        1,
        1,
        1,
        null,
        1,
        1,
        null,
        0,
        0,
        0,
        0,
        0,
        0,
        0,
        null,
        null,
        null,
        null,
        null,
        1,
        0,
        null,
        null,
        1,
        0,
        0,
        0,
        0,
        0,
        0,
        0,
        0,
        0,
        0,
        0,
        0,
        0,
        0,
        null,
        0,
        0,
        null,
        0,
        0,
        0,
        0,
        0,
        0,
        null,
        null,
        0,
        null,
        0,
        0,
        null,
        0,
        0,
        null,
        0,
        0,
        null,
        null,
        null,
        null,
        1,
        0,
        0,
        0,
        null,
        0,
        0,
        null,
        0,
        null,
        0,
        0,
        0,
        0,
        0,
        0,
        0,
        0,
        0,
        null,
        0,
        0,
        0,
        0,
        0,
        0,
        null,
        0,
        0,
        null,
        0,
        0,
        null,
        0,
        0,
        null,
        0,
        0,
        null,
        0,
        0,
        null,
        null,
        null,
        null,
        0,
        0,
        0,
        0,
        0,
        null,
        0,
        0,
        null,
        0,
        0,
        null,
        0,
        0,
        null,
        0,
        0,
        null,
        0,
        0,
        null,
        0,
        0,
        null,
        null,
        null,
        null,
        null,
        null,
        1,
        0,
        null,
        null,
        1,
        0,
        0,
        null,
        null,
        null,
        null,
        null
      ],
      "/data/home/ubuntu/Desktop/snapslikeapp2-89023-ruby/template-app/app/models/bx_block_order_management/order.rb": [
        null,
        null,
        null,
        null,
        null,
        null,
        null,
        null,
        null,
        null,
        null,
        null,
        null,
        null,
        null,
        null,
        null,
        null,
        null,
        null,
        null,
        null,
        null,
        null,
        null,
        null,
        null,
        null,
        null,
        null,
        null,
        null,
        null,
        null,
        null,
        null,
        null,
        null,
        null,
        null,
        null,
        null,
        null,
        null,
        null,
        null,
        null,
        1,
        1,
        1,
        null,
        1,
        null,
        1,
        1,
        null,
        1,
        null,
        1,
        null,
        1,
        1,
        1,
        null,
        1,
        1,
        null,
        1,
        1,
        null,
        null,
        1,
        null,
        null,
        null,
        null,
        null,
        null,
        null,
        null,
        null,
        null,
        null,
        null,
        null,
        null,
        null,
        null,
        1,
        null,
        1,
        null,
        1,
        1,
        1,
        null,
        1,
        1,
        1,
        1,
        null,
        null,
        1,
        1,
        null,
        null,
        1,
        1,
        null,
        null,
        1,
        1,
        null,
        0,
        null,
        null,
        1,
        1,
        null,
        null,
        1,
        1,
        null,
        null,
        1,
        1,
        null,
        null,
        1,
        1,
        null,
        null,
        1,
        1,
        null,
        null,
        1,
        1,
        null,
        null,
        1,
        1,
        null,
        null,
        1,
        1,
        null,
        null,
        1,
        0,
        null,
        null,
        null,
        null,
        null,
        1,
        null,
        null,
        null,
        null,
        null,
        null,
        null,
        null,
        null,
        null,
        1,
        0,
        null,
        null,
        1,
        93,
        2,
        22,
        2,
        null,
        93,
        93,
        93,
        93,
        93,
        null,
        null,
        1,
        0,
        0,
        0,
        null,
        0,
        0,
        null,
        0,
        null,
        null,
        null,
        1,
        null,
        127,
        1,
        1,
        null,
        127,
        127,
        null,
        null,
        null,
        1,
        0,
        null,
        null,
        1,
        null,
        0,
        0,
        0,
        0,
        0,
        0,
        null,
        0,
        null,
        null,
        0,
        0,
        null,
        0,
        0,
        0,
        null,
        null,
        1,
        null,
        0,
        0,
        0,
        0,
        0,
        null,
        null,
        null,
        1,
        0,
        null,
        null,
        1,
        0,
        null,
        null,
        1,
        93,
        null,
        null,
        1,
        93,
        93,
        null,
        null,
        null,
        1,
        0,
        0,
        null,
        0,
        0,
        null,
        null,
        1,
        0,
        0,
        0,
        0,
        0,
        0,
        null,
        0,
        0,
        0,
        null,
        null,
        0,
        0,
        0,
        null,
        0,
        null,
        null,
        1,
        0,
        null,
        null,
        null
      ],
      "/data/home/ubuntu/Desktop/snapslikeapp2-89023-ruby/template-app/app/models/bx_block_order_management/order_status.rb": [
        null,
        null,
        null,
        null,
        null,
        null,
        null,
        null,
        null,
        null,
        null,
        null,
        null,
        1,
        1,
        1,
        null,
        1,
        1,
        null,
        1,
        null,
        1,
        null,
        1,
        1,
        null,
        null,
        null,
        null,
        null,
        null,
        null,
        null,
        null,
        null,
        null,
        null,
        null,
        null,
        null,
        1,
        null,
        null,
        null,
        null,
        null,
        null,
        null,
        1,
        null,
        null,
        null,
        null,
        null,
        null,
        null,
        null,
        null,
        null,
        null,
        null,
        1,
        null,
        1,
        3,
        1,
        null,
        3,
        3,
        null,
        null,
        null,
        null,
        null
      ],
      "/data/home/ubuntu/Desktop/snapslikeapp2-89023-ruby/template-app/app/admin/privacy_policy.rb": [
        1,
        1,
        null,
        1,
        0,
        0,
        0,
        0,
        null,
        0,
        null,
        null,
        1,
        0,
        0,
        0,
        0,
        null,
        null,
        null,
        0,
        null,
        null,
        1,
        0,
        0,
        null,
        null,
        null,
        null
      ],
      "/data/home/ubuntu/Desktop/snapslikeapp2-89023-ruby/template-app/app/models/bx_block_admin/privacy_policy.rb": [
        1,
        1,
        1,
        null,
        null
      ],
      "/data/home/ubuntu/Desktop/snapslikeapp2-89023-ruby/template-app/app/admin/referral_limit_settings.rb": [
        1,
        1,
        null,
        1,
        0,
        0,
        0,
        null,
        null,
        null
      ],
      "/data/home/ubuntu/Desktop/snapslikeapp2-89023-ruby/template-app/app/models/bx_block_referrals/referral_limit_setting.rb": [
        1,
        1,
        1,
        null,
        null
      ],
      "/data/home/ubuntu/Desktop/snapslikeapp2-89023-ruby/template-app/app/models/bx_block_referrals/application_record.rb": [
        1,
        1,
        1,
        null,
        null
      ],
      "/data/home/ubuntu/Desktop/snapslikeapp2-89023-ruby/template-app/app/admin/return_and_refund_policy.rb": [
        1,
        1,
        null,
        1,
        0,
        0,
        0,
        0,
        null,
        0,
        null,
        null,
        1,
        0,
        0,
        0,
        null,
        null,
        0,
        null,
        null,
        1,
        0,
        0,
        null,
        null,
        null
      ],
      "/data/home/ubuntu/Desktop/snapslikeapp2-89023-ruby/template-app/app/models/bx_block_admin/return_and_refund_policy.rb": [
        1,
        1,
        1,
        null,
        null
      ],
      "/data/home/ubuntu/Desktop/snapslikeapp2-89023-ruby/template-app/app/admin/subscriptions.rb": [
        1,
        1,
        null,
        1,
        null,
        1,
        1,
        1,
        1,
        1,
        1,
        1,
        1,
        1,
        1,
        1,
        1,
        1,
        null,
        null
      ],
      "/data/home/ubuntu/Desktop/snapslikeapp2-89023-ruby/template-app/app/models/bx_block_custom_user_subs/subscription.rb": [
        1,
        1,
        1,
        null,
        1,
        1,
        1,
        null,
        1,
        null,
        null
      ],
      "/data/home/ubuntu/Desktop/snapslikeapp2-89023-ruby/template-app/app/admin/terms_and_condition.rb": [
        1,
        1,
        null,
        1,
        0,
        0,
        0,
        0,
        null,
        0,
        null,
        null,
        1,
        0,
        0,
        0,
        0,
        null,
        null,
        null,
        0,
        null,
        null,
        1,
        0,
        0,
        null,
        null,
        null
      ],
      "/data/home/ubuntu/Desktop/snapslikeapp2-89023-ruby/template-app/app/models/bx_block_admin/terms_and_condition.rb": [
        1,
        1,
        1,
        null,
        null
      ],
      "/data/home/ubuntu/Desktop/snapslikeapp2-89023-ruby/template-app/app/admin/user_offers.rb": [
        1,
        1,
        null,
        1,
        1,
        1,
        1,
        1,
        null,
        null,
        1,
        1,
        1,
        1,
        1,
        1,
        1,
        1,
        null,
        null
      ],
      "/data/home/ubuntu/Desktop/snapslikeapp2-89023-ruby/template-app/app/models/bx_block_discountsoffers/user_offer.rb": [
        1,
        1,
        1,
        null,
        1,
        1,
        null,
        1,
        null,
        1,
        null,
        null,
        null
      ],
      "/data/home/ubuntu/Desktop/snapslikeapp2-89023-ruby/template-app/app/admin/users.rb": [
        1,
        1,
        null,
        1,
        1,
        1,
        1,
        1,
        1,
        1,
        1,
        null,
        null,
        1,
        1,
        1,
        1,
        1,
        1,
        1,
        1,
        1,
        1,
        1,
        1,
        1,
        1,
        1,
        1,
        null,
        null,
        null,
        1,
        1,
        1,
        1,
        1,
        null,
        null,
        null,
        1,
        1,
        0,
        0,
        0,
        0,
        0,
        null,
        null,
        null
      ],
      "/data/home/ubuntu/Desktop/snapslikeapp2-89023-ruby/template-app/app/models/account_block/black_list_user.rb": [
        1,
        1,
        1,
        1,
        null,
        1,
        0,
        null,
        null,
        1,
        0,
        null,
        null,
        1,
        0,
        null,
        null,
        null
      ],
      "/data/home/ubuntu/Desktop/snapslikeapp2-89023-ruby/template-app/app/models/account_block/sms_account.rb": [
        1,
        1,
        1,
        1,
        null,
        null
      ],
      "/data/home/ubuntu/Desktop/snapslikeapp2-89023-ruby/template-app/app/models/account_block/social_account.rb": [
        1,
        1,
        1,
        null,
        1,
        null,
        1,
        null,
        1,
        4,
        null,
        null,
        1,
        null,
        0,
        0,
        0,
        0,
        0,
        null,
        null,
        null,
        null
      ],
      "/data/home/ubuntu/Desktop/snapslikeapp2-89023-ruby/template-app/app/models/bx_block_address/shared_address.rb": [
        1,
        1,
        1,
        null,
        1,
        null,
        null
      ],
      "/data/home/ubuntu/Desktop/snapslikeapp2-89023-ruby/template-app/app/models/bx_block_appointment_management/availability.rb": [
        1,
        1,
        null,
        1,
        1,
        null,
        1,
        null,
        1,
        0,
        null,
        null,
        1,
        null,
        7,
        null,
        1,
        null,
        1,
        0,
        null,
        1,
        0,
        null,
        1,
        0,
        null,
        null,
        1,
        null,
        1,
        null,
        0,
        0,
        0,
        null,
        0,
        null,
        0,
        null,
        null,
        1,
        0,
        0,
        null,
        null,
        0,
        0,
        null,
        null,
        0,
        0,
        0,
        0,
        0,
        0,
        0,
        0,
        0,
        null,
        null,
        null,
        null,
        0,
        null,
        null,
        1,
        0,
        0,
        null,
        null,
        1,
        null,
        1,
        0,
        0,
        null,
        null,
        1,
        0,
        null,
        null,
        null,
        0,
        null,
        null,
        null,
        1,
        null,
        null,
        null,
        6,
        6,
        null,
        null,
        1,
        0,
        0,
        0,
        0,
        0,
        null,
        0,
        0,
        null,
        null,
        null,
        1,
        0,
        null,
        null,
        0,
        null,
        null,
        null
      ],
      "/data/home/ubuntu/Desktop/snapslikeapp2-89023-ruby/template-app/app/models/bx_block_appointment_management/booked_slot.rb": [
        1,
        1,
        null,
        1,
        null,
        1,
        null,
        null
      ],
      "/data/home/ubuntu/Desktop/snapslikeapp2-89023-ruby/template-app/app/models/bx_block_attachment/attachment.rb": [
        1,
        1,
        1,
        1,
        null,
        1,
        1,
        1,
        1,
        null,
        1,
        0,
        0,
        0,
        0,
        0,
        0,
        0,
        0,
        null,
        null,
        1,
        0,
        null,
        null,
        0,
        0,
        0,
        0,
        0,
        0,
        0,
        null,
        null,
        null,
        null,
        0,
        null,
        null,
        0,
        0,
        0,
        null,
        null,
        null,
        null,
        null
      ],
      "/data/home/ubuntu/Desktop/snapslikeapp2-89023-ruby/template-app/app/models/bx_block_attachment/application_record.rb": [
        1,
        1,
        1,
        null,
        null
      ],
      "/data/home/ubuntu/Desktop/snapslikeapp2-89023-ruby/template-app/app/models/bx_block_book/book_size.rb": [
        1,
        1,
        1,
        null,
        null
      ],
      "/data/home/ubuntu/Desktop/snapslikeapp2-89023-ruby/template-app/app/models/bx_block_book/contribution.rb": [
        1,
        1,
        1,
        null,
        1,
        1,
        null,
        null
      ],
      "/data/home/ubuntu/Desktop/snapslikeapp2-89023-ruby/template-app/app/models/bx_block_bulk_uploading/attachment.rb": [
        1,
        1,
        1,
        1,
        null,
        1,
        1,
        null,
        null
      ],
      "/data/home/ubuntu/Desktop/snapslikeapp2-89023-ruby/template-app/app/models/bx_block_bulk_uploading/application_record.rb": [
        1,
        1,
        1,
        null,
        null
      ],
      "/data/home/ubuntu/Desktop/snapslikeapp2-89023-ruby/template-app/app/models/bx_block_catalogue/catalogue.rb": [
        1,
        1,
        1,
        1,
        null,
        1,
        null,
        1,
        null,
        1,
        null,
        null,
        null,
        1,
        null,
        null,
        null,
        1,
        null,
        1,
        1,
        1,
        null,
        1,
        null,
        1,
        null,
        1,
        0,
        null,
        0,
        0,
        0,
        null,
        0,
        null,
        null,
        null,
        null
      ],
      "/data/home/ubuntu/Desktop/snapslikeapp2-89023-ruby/template-app/app/models/bx_block_catalogue/application_record.rb": [
        1,
        1,
        1,
        null,
        null
      ],
      "/data/home/ubuntu/Desktop/snapslikeapp2-89023-ruby/template-app/app/models/bx_block_catalogue/catalogue_variant.rb": [
        1,
        1,
        1,
        null,
        1,
        1,
        1,
        null,
        1,
        null,
        null
      ],
      "/data/home/ubuntu/Desktop/snapslikeapp2-89023-ruby/template-app/app/models/bx_block_catalogue/catalogues_tag.rb": [
        1,
        1,
        1,
        null,
        1,
        1,
        null,
        null
      ],
      "/data/home/ubuntu/Desktop/snapslikeapp2-89023-ruby/template-app/app/models/bx_block_catalogue/review.rb": [
        1,
        1,
        1,
        null,
        1,
        null,
        null
      ],
      "/data/home/ubuntu/Desktop/snapslikeapp2-89023-ruby/template-app/app/models/bx_block_catalogue/tag.rb": [
        1,
        1,
        1,
        null,
        1,
        null,
        null
      ],
      "/data/home/ubuntu/Desktop/snapslikeapp2-89023-ruby/template-app/app/models/bx_block_categories/category.rb": [
        1,
        1,
        1,
        null,
        1,
        1,
        1,
        1,
        1,
        1,
        null,
        1,
        null,
        null,
        1,
        1,
        null,
        1,
        null,
        1,
        null,
        null,
        1,
        1,
        null,
        1,
        null,
        null
      ],
      "/data/home/ubuntu/Desktop/snapslikeapp2-89023-ruby/template-app/app/models/bx_block_categories/application_record.rb": [
        1,
        1,
        1,
        null,
        null
      ],
      "/data/home/ubuntu/Desktop/snapslikeapp2-89023-ruby/template-app/app/uploaders/image_uploader.rb": [
        1,
        null,
        null,
        1,
        null,
        null,
        null,
        null,
        null,
        null,
        null,
        1,
        0,
        null,
        null,
        null,
        null,
        null,
        null,
        null,
        null,
        null,
        null,
        null,
        null,
        null,
        null,
        null,
        null,
        null,
        null,
        null,
        null,
        null,
        null,
        null,
        null,
        1,
        0,
        null,
        null,
        null,
        null,
        null,
        null,
        null,
        null
      ],
      "/data/home/ubuntu/Desktop/snapslikeapp2-89023-ruby/template-app/app/models/bx_block_categories/cta.rb": [
        1,
        1,
        1,
        null,
        1,
        null,
        1,
        1,
        null,
        1,
        1,
        null,
        1,
        1,
        0,
        null,
        1,
        0,
        null,
        null,
        null
      ],
      "/data/home/ubuntu/Desktop/snapslikeapp2-89023-ruby/template-app/app/models/bx_block_categories/sub_category.rb": [
        1,
        1,
        1,
        null,
        1,
        1,
        1,
        null,
        1,
        null,
        1,
        null,
        null,
        1,
        1,
        null,
        1,
        null,
        1,
        2,
        2,
        null,
        null,
        null,
        null,
        null
      ],
      "/data/home/ubuntu/Desktop/snapslikeapp2-89023-ruby/template-app/app/models/bx_block_categories/user_category.rb": [
        1,
        1,
        1,
        null,
        1,
        1,
        null,
        null
      ],
      "/data/home/ubuntu/Desktop/snapslikeapp2-89023-ruby/template-app/app/models/bx_block_categories/user_sub_category.rb": [
        1,
        1,
        1,
        null,
        1,
        1,
        null,
        null
      ],
      "/data/home/ubuntu/Desktop/snapslikeapp2-89023-ruby/template-app/app/models/bx_block_content_management/audio_podcast.rb": [
        1,
        1,
        1,
        null,
        1,
        null,
        1,
        null,
        1,
        1,
        null,
        1,
        1,
        null,
        1,
        0,
        null,
        null,
        1,
        0,
        null,
        null,
        1,
        null,
        null,
        null,
        1,
        0,
        null,
        null,
        1,
        null,
        null,
        null,
        null,
        null
      ],
      "/data/home/ubuntu/Desktop/snapslikeapp2-89023-ruby/template-app/app/concerns/bx_block_content_management/contentable.rb": [
        1,
        1,
        1,
        null,
        1,
        6,
        null,
        null,
        null,
        null
      ],
      "/data/home/ubuntu/Desktop/snapslikeapp2-89023-ruby/template-app/app/models/bx_block_content_management/audio.rb": [
        1,
        1,
        1,
        1,
        null,
        null,
        1,
        null,
        null,
        1,
        null,
        null
      ],
      "/data/home/ubuntu/Desktop/snapslikeapp2-89023-ruby/template-app/app/uploaders/audio_uploader.rb": [
        1,
        null,
        null,
        null,
        null,
        null,
        null,
        null,
        null,
        null,
        1,
        0,
        null,
        null,
        null,
        null,
        null,
        null,
        null,
        null,
        null,
        null,
        null,
        null,
        null,
        null,
        null,
        null,
        null,
        null,
        null,
        null,
        null,
        null,
        null,
        null,
        1,
        0,
        null,
        null,
        null,
        null,
        null,
        null,
        null,
        null
      ],
      "/data/home/ubuntu/Desktop/snapslikeapp2-89023-ruby/template-app/app/models/bx_block_content_management/author.rb": [
        1,
        1,
        1,
        1,
        1,
        1,
        null,
        null,
        1,
        null,
        1,
        null,
        null
      ],
      "/data/home/ubuntu/Desktop/snapslikeapp2-89023-ruby/template-app/app/models/bx_block_content_management/bookmark.rb": [
        1,
        1,
        1,
        1,
        1,
        1,
        1,
        null,
        null
      ],
      "/data/home/ubuntu/Desktop/snapslikeapp2-89023-ruby/template-app/app/models/bx_block_content_management/content.rb": [
        1,
        1,
        1,
        null,
        1,
        null,
        1,
        1,
        1,
        1,
        1,
        1,
        1,
        1,
        null,
        1,
        1,
        1,
        1,
        1,
        1,
        1,
        1,
        1,
        null,
        1,
        1,
        null,
        1,
        null,
        null,
        1,
        null,
        1,
        null,
        1,
        1,
        null,
        1,
        null,
        1,
        null,
        1,
        null,
        1,
        null,
        1,
        1,
        1,
        0,
        null,
        1,
        null,
        1,
        0,
        0,
        0,
        0,
        0,
        null,
        null,
        null,
        1,
        0,
        null,
        null,
        1,
        0,
        null,
        null,
        1,
        0,
        null,
        null,
        1,
        0,
        null,
        null,
        1,
        0,
        null,
        null,
        1,
        0,
        null,
        null,
        1,
        0,
        null,
        null,
        null,
        null,
        null,
        null,
        null,
        null,
        null,
        1,
        null,
        1,
        0,
        0,
        0,
        null,
        null,
        null,
        null,
        1,
        0,
        0,
        null,
        null,
        null,
        1,
        0,
        null,
        null,
        1,
        0,
        null,
        0,
        null,
        null,
        null,
        1,
        2,
        null,
        null,
        1,
        0,
        0,
        null,
        null,
        null,
        null
      ],
      "/data/home/ubuntu/Desktop/snapslikeapp2-89023-ruby/template-app/app/models/bx_block_content_management/content_text.rb": [
        1,
        1,
        1,
        null,
        1,
        null,
        1,
        null,
        1,
        1,
        1,
        1,
        null,
        1,
        0,
        null,
        null,
        1,
        0,
        null,
        null,
        1,
        0,
        null,
        null,
        1,
        0,
        null,
        null,
        1,
        null,
        null,
        null,
        1,
        null,
        null,
        null,
        null
      ],
      "/data/home/ubuntu/Desktop/snapslikeapp2-89023-ruby/template-app/app/models/bx_block_content_management/content_type.rb": [
        1,
        1,
        1,
        1,
        null,
        null,
        1,
        null,
        null,
        null,
        null,
        null,
        null,
        null,
        1,
        1,
        1,
        null,
        1,
        1,
        null,
        null,
        null,
        1,
        null,
        1,
        null,
        null,
        1,
        0,
        null,
        null,
        null
      ],
      "/data/home/ubuntu/Desktop/snapslikeapp2-89023-ruby/template-app/app/models/bx_block_content_management/content_video.rb": [
        1,
        1,
        1,
        null,
        1,
        null,
        1,
        null,
        1,
        1,
        1,
        1,
        null,
        1,
        0,
        null,
        null,
        1,
        0,
        null,
        null,
        1,
        0,
        null,
        null,
        1,
        null,
        null,
        null,
        1,
        null,
        null,
        null,
        1,
        null,
        1,
        0,
        0,
        null,
        null,
        null,
        1,
        0,
        0,
        null,
        null,
        null,
        1,
        0,
        0,
        null,
        null,
        null
      ],
      "/data/home/ubuntu/Desktop/snapslikeapp2-89023-ruby/template-app/app/models/bx_block_content_management/live_stream.rb": [
        1,
        1,
        1,
        null,
        1,
        null,
        1,
        null,
        1,
        0,
        null,
        null,
        1,
        null,
        null,
        null,
        1,
        null,
        null,
        null,
        1,
        null,
        null,
        null,
        1,
        null,
        null,
        null,
        null
      ],
      "/data/home/ubuntu/Desktop/snapslikeapp2-89023-ruby/template-app/app/models/bx_block_content_management/test.rb": [
        1,
        1,
        1,
        null,
        1,
        null,
        1,
        null,
        1,
        0,
        null,
        null,
        1,
        null,
        null,
        null,
        1,
        null,
        null,
        null,
        1,
        null,
        null,
        null,
        1,
        null,
        null,
        null,
        null,
        null,
        null
      ],
      "/data/home/ubuntu/Desktop/snapslikeapp2-89023-ruby/template-app/app/models/bx_block_content_management/epub.rb": [
        1,
        1,
        1,
        null,
        1,
        null,
        1,
        null,
        1,
        1,
        null,
        1,
        0,
        null,
        null,
        1,
        null,
        null,
        null,
        1,
        null,
        null,
        null,
        1,
        null,
        null,
        null,
        1,
        0,
        null,
        null,
        null
      ],
      "/data/home/ubuntu/Desktop/snapslikeapp2-89023-ruby/template-app/app/models/bx_block_content_management/exam.rb": [
        1,
        1,
        1,
        null,
        1,
        null,
        1,
        null,
        1,
        0,
        null,
        null,
        1,
        null,
        1,
        1,
        0,
        null,
        null,
        null,
        null
      ],
      "/data/home/ubuntu/Desktop/snapslikeapp2-89023-ruby/template-app/app/models/bx_block_content_management/follow.rb": [
        1,
        1,
        1,
        1,
        1,
        null,
        null,
        null
      ],
      "/data/home/ubuntu/Desktop/snapslikeapp2-89023-ruby/template-app/app/models/bx_block_content_management/image.rb": [
        1,
        1,
        1,
        1,
        null,
        null,
        1,
        null,
        null,
        1,
        null,
        null
      ],
      "/data/home/ubuntu/Desktop/snapslikeapp2-89023-ruby/template-app/app/models/bx_block_content_management/pdf.rb": [
        1,
        1,
        1,
        1,
        null,
        null,
        1,
        null,
        null,
        1,
        null,
        null
      ],
      "/data/home/ubuntu/Desktop/snapslikeapp2-89023-ruby/template-app/app/uploaders/pdf_uploader.rb": [
        1,
        null,
        null,
        null,
        null,
        null,
        null,
        null,
        null,
        null,
        1,
        0,
        null,
        null,
        null,
        null,
        null,
        null,
        null,
        null,
        null,
        null,
        null,
        null,
        null,
        null,
        null,
        null,
        null,
        null,
        null,
        null,
        null,
        null,
        null,
        null,
        1,
        0,
        null,
        null,
        null,
        null,
        null,
        null,
        null,
        null
      ],
      "/data/home/ubuntu/Desktop/snapslikeapp2-89023-ruby/template-app/app/models/bx_block_content_management/video.rb": [
        1,
        1,
        1,
        1,
        null,
        null,
        1,
        null,
        null,
        1,
        null,
        null
      ],
      "/data/home/ubuntu/Desktop/snapslikeapp2-89023-ruby/template-app/app/uploaders/video_uploader.rb": [
        1,
        1,
        null,
        null,
        null,
        null,
        null,
        null,
        null,
        null,
        null,
        1,
        0,
        null,
        null,
        null,
        null,
        null,
        null,
        null,
        null,
        null,
        null,
        null,
        null,
        null,
        null,
        null,
        null,
        null,
        null,
        null,
        null,
        null,
        null,
        null,
        null,
        1,
        0,
        null,
        null,
        null,
        null,
        null,
        null,
        null,
        null
      ],
      "/data/home/ubuntu/Desktop/snapslikeapp2-89023-ruby/template-app/app/models/bx_block_coupon_cg/coupon_code.rb": [
        1,
        1,
        1,
        null,
        null,
        1,
        null,
        null,
        null,
        1,
        1,
        null,
        1,
        1,
        1,
        1,
        null,
        1,
        null,
        null,
        1,
        1,
        1,
        null,
        1,
        0,
        0,
        null,
        null,
        null,
        1,
        0,
        0,
        null,
        null,
        null,
        1,
        0,
        0,
        null,
        null,
        null,
        null
      ],
      "/data/home/ubuntu/Desktop/snapslikeapp2-89023-ruby/template-app/app/models/bx_block_coupon_cg/application_record.rb": [
        1,
        1,
        1,
        null,
        null
      ],
      "/data/home/ubuntu/Desktop/snapslikeapp2-89023-ruby/template-app/app/models/bx_block_coupons/combo_offer.rb": [
        1,
        1,
        1,
        null,
        1,
        null,
        null,
        1,
        null,
        1,
        1,
        null,
        null,
        1,
        null,
        1,
        null,
        1,
        0,
        0,
        null,
        null,
        1,
        0,
        null,
        null,
        null
      ],
      "/data/home/ubuntu/Desktop/snapslikeapp2-89023-ruby/template-app/app/models/bx_block_coupons/coupon_service.rb": [
        1,
        1,
        1,
        null,
        1,
        1,
        null,
        null,
        null
      ],
      "/data/home/ubuntu/Desktop/snapslikeapp2-89023-ruby/template-app/app/models/bx_block_coupons/coupon.rb": [
        1,
        1,
        1,
        null,
        1,
        null,
        1,
        1,
        null,
        1,
        1,
        1,
        null,
        1,
        1,
        null,
        null,
        1,
        1,
        7,
        null,
        null,
        null
      ],
      "/data/home/ubuntu/Desktop/snapslikeapp2-89023-ruby/template-app/app/models/bx_block_coupons/order_combo_offer.rb": [
        1,
        1,
        1,
        1,
        1,
        null,
        null
      ],
      "/data/home/ubuntu/Desktop/snapslikeapp2-89023-ruby/template-app/app/models/bx_block_custom_form/seller_account.rb": [
        1,
        1,
        1,
        1,
        null,
        null,
        null,
        null,
        null,
        1,
        null,
        null
      ],
      "/data/home/ubuntu/Desktop/snapslikeapp2-89023-ruby/template-app/app/models/bx_block_custom_form/application_record.rb": [
        1,
        1,
        1,
        null,
        null
      ],
      "/data/home/ubuntu/Desktop/snapslikeapp2-89023-ruby/template-app/app/models/bx_block_custom_user_subs/user_subscription.rb": [
        1,
        1,
        1,
        1,
        1,
        null,
        null
      ],
      "/data/home/ubuntu/Desktop/snapslikeapp2-89023-ruby/template-app/app/models/bx_block_email_notifications/email_notification.rb": [
        1,
        1,
        1,
        1,
        null,
        null
      ],
      "/data/home/ubuntu/Desktop/snapslikeapp2-89023-ruby/template-app/app/models/bx_block_favourites/favourite.rb": [
        1,
        1,
        1,
        null,
        1,
        null,
        null
      ],
      "/data/home/ubuntu/Desktop/snapslikeapp2-89023-ruby/template-app/app/models/bx_block_favourites/application_record.rb": [
        1,
        1,
        1,
        null,
        null
      ],
      "/data/home/ubuntu/Desktop/snapslikeapp2-89023-ruby/template-app/app/models/bx_block_fedex_integration/addressable.rb": [
        null,
        null,
        null,
        null,
        null,
        null,
        null,
        null,
        null,
        null,
        null,
        null,
        null,
        null,
        null,
        null,
        null,
        null,
        1,
        1,
        1,
        null,
        1,
        1,
        null,
        1,
        null,
        null,
        1,
        null,
        null
      ],
      "/data/home/ubuntu/Desktop/snapslikeapp2-89023-ruby/template-app/app/models/bx_block_fedex_integration/application_record.rb": [
        1,
        1,
        1,
        null,
        null
      ],
      "/data/home/ubuntu/Desktop/snapslikeapp2-89023-ruby/template-app/app/models/bx_block_fedex_integration/arrival_window.rb": [
        null,
        null,
        null,
        null,
        null,
        null,
        null,
        null,
        null,
        null,
        null,
        null,
        null,
        1,
        1,
        1,
        null,
        1,
        null,
        1,
        null,
        1,
        null,
        1,
        null,
        1,
        1,
        null,
        null,
        null
      ],
      "/data/home/ubuntu/Desktop/snapslikeapp2-89023-ruby/template-app/app/models/bx_block_fedex_integration/cod_value.rb": [
        null,
        null,
        null,
        null,
        null,
        null,
        null,
        null,
        null,
        null,
        null,
        1,
        1,
        1,
        null,
        1,
        null,
        null
      ],
      "/data/home/ubuntu/Desktop/snapslikeapp2-89023-ruby/template-app/app/models/bx_block_fedex_integration/coordinate.rb": [
        null,
        null,
        null,
        null,
        null,
        null,
        null,
        null,
        null,
        null,
        null,
        1,
        1,
        1,
        null,
        1,
        null,
        null
      ],
      "/data/home/ubuntu/Desktop/snapslikeapp2-89023-ruby/template-app/app/models/bx_block_fedex_integration/create_shipment.rb": [
        null,
        null,
        null,
        null,
        null,
        null,
        null,
        null,
        null,
        null,
        null,
        null,
        1,
        1,
        1,
        null,
        1,
        null,
        1,
        null,
        1,
        null,
        1,
        null,
        1,
        2,
        null,
        2,
        null,
        null,
        null,
        null
      ],
      "/data/home/ubuntu/Desktop/snapslikeapp2-89023-ruby/template-app/app/models/bx_block_fedex_integration/dimension.rb": [
        null,
        null,
        null,
        null,
        null,
        null,
        null,
        null,
        null,
        null,
        null,
        null,
        1,
        1,
        1,
        null,
        1,
        null,
        null
      ],
      "/data/home/ubuntu/Desktop/snapslikeapp2-89023-ruby/template-app/app/models/bx_block_fedex_integration/item.rb": [
        null,
        null,
        null,
        null,
        null,
        null,
        null,
        null,
        null,
        null,
        null,
        null,
        null,
        null,
        1,
        1,
        1,
        null,
        1,
        1,
        null,
        1,
        null,
        1,
        null,
        1,
        null,
        1,
        null,
        1,
        2,
        2,
        2,
        null,
        null,
        null,
        null
      ],
      "/data/home/ubuntu/Desktop/snapslikeapp2-89023-ruby/template-app/app/models/bx_block_fedex_integration/shipment.rb": [
        null,
        null,
        null,
        null,
        null,
        null,
        null,
        null,
        null,
        null,
        null,
        null,
        1,
        1,
        1,
        null,
        1,
        1,
        null,
        1,
        null,
        1,
        null,
        1,
        null,
        1,
        null,
        1,
        null,
        1,
        null,
        1,
        null,
        1,
        6,
        6,
        6,
        null,
        null,
        null,
        null
      ],
      "/data/home/ubuntu/Desktop/snapslikeapp2-89023-ruby/template-app/app/models/bx_block_fedex_integration/shipment_value.rb": [
        null,
        null,
        null,
        null,
        null,
        null,
        null,
        null,
        null,
        null,
        null,
        1,
        1,
        1,
        null,
        1,
        null,
        null
      ],
      "/data/home/ubuntu/Desktop/snapslikeapp2-89023-ruby/template-app/app/models/bx_block_help_centre/question_sub_type.rb": [
        1,
        1,
        1,
        1,
        null,
        1,
        null,
        null
      ],
      "/data/home/ubuntu/Desktop/snapslikeapp2-89023-ruby/template-app/app/models/bx_block_help_centre/question_type.rb": [
        1,
        1,
        1,
        1,
        1,
        1,
        1,
        null,
        null,
        1,
        null,
        null
      ],
      "/data/home/ubuntu/Desktop/snapslikeapp2-89023-ruby/template-app/app/models/bx_block_language_options/application_message.rb": [
        1,
        1,
        1,
        null,
        1,
        null,
        1,
        1,
        null,
        0,
        null,
        1,
        null,
        1,
        0,
        0,
        0,
        0,
        null,
        0,
        null,
        null,
        null,
        1,
        0,
        0,
        0,
        null,
        0,
        null,
        null,
        null,
        null
      ],
      "/data/home/ubuntu/Desktop/snapslikeapp2-89023-ruby/template-app/app/models/bx_block_language_options/content_language.rb": [
        1,
        1,
        1,
        null,
        1,
        1,
        null,
        null,
        null
      ],
      "/data/home/ubuntu/Desktop/snapslikeapp2-89023-ruby/template-app/app/models/bx_block_language_options/language.rb": [
        1,
        1,
        1,
        null,
        1,
        null,
        1,
        1,
        null,
        1,
        null,
        null,
        1,
        null,
        null,
        null,
        1,
        null,
        1,
        null,
        1,
        0,
        null,
        null,
        null,
        null
      ],
      "/data/home/ubuntu/Desktop/snapslikeapp2-89023-ruby/template-app/app/models/bx_block_like/like.rb": [
        1,
        1,
        1,
        null,
        1,
        null,
        1,
        null,
        1,
        null,
        1,
        0,
        0,
        null,
        0,
        null,
        null,
        null,
        null,
        null,
        null,
        null,
        null,
        null
      ],
      "/data/home/ubuntu/Desktop/snapslikeapp2-89023-ruby/template-app/app/models/bx_block_like/application_record.rb": [
        1,
        1,
        1,
        null,
        null
      ],
      "/data/home/ubuntu/Desktop/snapslikeapp2-89023-ruby/template-app/app/models/bx_block_location/van_member.rb": [
        1,
        1,
        1,
        null,
        1,
        1,
        null,
        null
      ],
      "/data/home/ubuntu/Desktop/snapslikeapp2-89023-ruby/template-app/app/models/bx_block_location/van.rb": [
        1,
        1,
        1,
        null,
        1,
        null,
        null,
        1,
        null,
        null,
        1,
        null,
        null,
        1,
        1,
        null,
        1,
        1,
        null,
        1,
        1,
        null,
        1,
        null,
        1,
        null,
        1,
        0,
        null,
        null,
        null,
        null,
        null,
        null,
        1,
        0,
        0,
        0,
        0,
        null,
        null,
        null,
        0,
        null,
        0,
        null,
        null,
        0,
        null,
        null,
        1,
        null,
        1,
        0,
        0,
        0,
        0,
        0,
        0,
        null,
        null,
        0,
        null,
        null,
        1,
        0,
        null,
        null,
        null,
        null,
        null,
        1,
        0,
        null,
        null,
        null,
        0,
        null,
        null,
        null,
        null,
        1,
        0,
        null,
        null,
        null,
        null,
        null,
        null,
        null,
        null,
        null,
        null,
        1,
        0,
        null,
        null,
        1,
        0,
        null,
        null,
        null,
        null
      ],
      "/data/home/ubuntu/Desktop/snapslikeapp2-89023-ruby/template-app/app/models/bx_block_notifications/notification.rb": [
        1,
        1,
        1,
        1,
        null,
        1,
        null,
        null
      ],
      "/data/home/ubuntu/Desktop/snapslikeapp2-89023-ruby/template-app/app/models/bx_block_order_management/delivery_address_order.rb": [
        null,
        null,
        null,
        null,
        null,
        null,
        null,
        null,
        null,
        null,
        1,
        1,
        1,
        null,
        1,
        1,
        null,
        1,
        null,
        null
      ],
      "/data/home/ubuntu/Desktop/snapslikeapp2-89023-ruby/template-app/app/models/bx_block_order_management/delivery_address.rb": [
        null,
        null,
        null,
        null,
        null,
        null,
        null,
        null,
        null,
        null,
        null,
        null,
        null,
        null,
        null,
        null,
        null,
        null,
        null,
        null,
        null,
        null,
        null,
        null,
        null,
        null,
        null,
        null,
        1,
        1,
        1,
        null,
        1,
        1,
        1,
        null,
        1,
        1,
        null,
        null,
        null,
        null,
        1,
        null,
        null,
        null,
        1,
        1,
        1,
        null,
        null,
        null
      ],
      "/data/home/ubuntu/Desktop/snapslikeapp2-89023-ruby/template-app/app/models/bx_block_order_management/order_item.rb": [
        null,
        null,
        null,
        null,
        null,
        null,
        null,
        null,
        null,
        null,
        null,
        null,
        null,
        null,
        null,
        null,
        null,
        null,
        null,
        null,
        null,
        null,
        null,
        null,
        null,
        1,
        1,
        1,
        null,
        1,
        1,
        1,
        null,
        null,
        1,
        null,
        1,
        1,
        null,
        1,
        null,
        1,
        1,
        1,
        1,
        null,
        null,
        1,
        1,
        null,
        null,
        1,
        1,
        null,
        null,
        1,
        1,
        null,
        0,
        null,
        null,
        1,
        1,
        0,
        null,
        null,
        1,
        1,
        0,
        null,
        null,
        1,
        1,
        0,
        null,
        null,
        1,
        1,
        0,
        null,
        null,
        1,
        1,
        0,
        null,
        null,
        1,
        1,
        0,
        null,
        null,
        1,
        1,
        0,
        null,
        null,
        1,
        1,
        0,
        null,
        null,
        null,
        null,
        null,
        1,
        1,
        null,
        1,
        null,
        0,
        0,
        null,
        null,
        null,
        1,
        0,
        0,
        null,
        null,
        null,
        0,
        0,
        null,
        null,
        1,
        0,
        null,
        null,
        null,
        1,
        0,
        null,
        null,
        null,
        1,
        0,
        0,
        0,
        0,
        0,
        0,
        0,
        null,
        null,
        null,
        null,
        0,
        0,
        null,
        0,
        0,
        0,
        null,
        0,
        null,
        null,
        null,
        1,
        0,
        null,
        null,
        1,
        0,
        0,
        0,
        null,
        0,
        null,
        null,
        null,
        1,
        0,
        null,
        null,
        1,
        0,
        null,
        null,
        null,
        null
      ],
      "/data/home/ubuntu/Desktop/snapslikeapp2-89023-ruby/template-app/app/models/bx_block_order_management/order_tracking.rb": [
        null,
        null,
        null,
        null,
        null,
        null,
        null,
        null,
        null,
        null,
        null,
        1,
        1,
        1,
        null,
        1,
        1,
        null,
        1,
        1,
        null,
        null,
        null
      ],
      "/data/home/ubuntu/Desktop/snapslikeapp2-89023-ruby/template-app/app/models/bx_block_order_management/tracking.rb": [
        null,
        null,
        null,
        null,
        null,
        null,
        null,
        null,
        null,
        null,
        null,
        1,
        1,
        1,
        null,
        1,
        null,
        1,
        1,
        null,
        null,
        1,
        null,
        1,
        null,
        1,
        0,
        null,
        null,
        1,
        0,
        0,
        null,
        null,
        null,
        null,
        null
      ],
      "/data/home/ubuntu/Desktop/snapslikeapp2-89023-ruby/template-app/app/models/bx_block_ordersummary/order_summary.rb": [
        1,
        1,
        1,
        null,
        1,
        null,
        null
      ],
      "/data/home/ubuntu/Desktop/snapslikeapp2-89023-ruby/template-app/app/models/bx_block_ordersummary/application_record.rb": [
        1,
        1,
        1,
        null,
        null
      ],
      "/data/home/ubuntu/Desktop/snapslikeapp2-89023-ruby/template-app/app/models/bx_block_payment_admin/payment_admin.rb": [
        1,
        1,
        1,
        1,
        1,
        1,
        null,
        null
      ],
      "/data/home/ubuntu/Desktop/snapslikeapp2-89023-ruby/template-app/app/models/bx_block_payment_admin/application_record.rb": [
        1,
        1,
        1,
        null,
        null
      ],
      "/data/home/ubuntu/Desktop/snapslikeapp2-89023-ruby/template-app/app/models/bx_block_plan/plan.rb": [
        null,
        null,
        1,
        1,
        1,
        1,
        null,
        1,
        null,
        1,
        null,
        1,
        1,
        null,
        null,
        null
      ],
      "/data/home/ubuntu/Desktop/snapslikeapp2-89023-ruby/template-app/app/models/bx_block_plan/application_record.rb": [
        null,
        null,
        1,
        1,
        1,
        null,
        null
      ],
      "/data/home/ubuntu/Desktop/snapslikeapp2-89023-ruby/template-app/app/models/bx_block_privacy_settings/privacy_policy.rb": [
        1,
        1,
        1,
        1,
        null,
        1,
        null,
        1,
        null,
        1,
        0,
        null,
        null,
        null
      ],
      "/data/home/ubuntu/Desktop/snapslikeapp2-89023-ruby/template-app/app/models/bx_block_privacy_settings/privacy_setting.rb": [
        1,
        1,
        1,
        1,
        null,
        1,
        null,
        null
      ],
      "/data/home/ubuntu/Desktop/snapslikeapp2-89023-ruby/template-app/app/models/bx_block_privacy_settings/application_record.rb": [
        1,
        1,
        1,
        null,
        null
      ],
      "/data/home/ubuntu/Desktop/snapslikeapp2-89023-ruby/template-app/app/models/bx_block_profile/associated.rb": [
        1,
        1,
        1,
        1,
        null,
        null
      ],
      "/data/home/ubuntu/Desktop/snapslikeapp2-89023-ruby/template-app/app/models/bx_block_profile/application_record.rb": [
        1,
        1,
        1,
        null,
        null
      ],
      "/data/home/ubuntu/Desktop/snapslikeapp2-89023-ruby/template-app/app/models/bx_block_profile/award.rb": [
        1,
        1,
        1,
        1,
        1,
        null,
        null
      ],
      "/data/home/ubuntu/Desktop/snapslikeapp2-89023-ruby/template-app/app/models/bx_block_profile/career_experience_employment_type.rb": [
        1,
        1,
        1,
        1,
        1,
        null,
        null
      ],
      "/data/home/ubuntu/Desktop/snapslikeapp2-89023-ruby/template-app/app/models/bx_block_profile/career_experience_industry.rb": [
        1,
        1,
        1,
        1,
        1,
        null,
        null
      ],
      "/data/home/ubuntu/Desktop/snapslikeapp2-89023-ruby/template-app/app/models/bx_block_profile/career_experience.rb": [
        1,
        1,
        1,
        1,
        1,
        1,
        1,
        null,
        null
      ],
      "/data/home/ubuntu/Desktop/snapslikeapp2-89023-ruby/template-app/app/models/bx_block_profile/course.rb": [
        1,
        1,
        1,
        1,
        1,
        null,
        null
      ],
      "/data/home/ubuntu/Desktop/snapslikeapp2-89023-ruby/template-app/app/models/bx_block_profile/current_annual_salary_current_status.rb": [
        1,
        1,
        1,
        1,
        1,
        null,
        null
      ],
      "/data/home/ubuntu/Desktop/snapslikeapp2-89023-ruby/template-app/app/models/bx_block_profile/current_annual_salary.rb": [
        1,
        1,
        1,
        1,
        null,
        null
      ],
      "/data/home/ubuntu/Desktop/snapslikeapp2-89023-ruby/template-app/app/models/bx_block_profile/current_status_employment_type.rb": [
        1,
        1,
        1,
        1,
        1,
        null,
        null
      ],
      "/data/home/ubuntu/Desktop/snapslikeapp2-89023-ruby/template-app/app/models/bx_block_profile/current_status_industry.rb": [
        1,
        1,
        1,
        1,
        1,
        null,
        null
      ],
      "/data/home/ubuntu/Desktop/snapslikeapp2-89023-ruby/template-app/app/models/bx_block_profile/current_status.rb": [
        1,
        1,
        1,
        1,
        1,
[...]
        0,
        0,
        0,
        0,
        0,
        0,
        0,
        0,
        0,
        0,
        0,
        0,
        0,
        0,
        0,
        0,
        0,
        0,
        0,
        0,
        0,
        0,
        0,
        0,
        0,
        0,
        0,
        0,
        0,
        null,
        0,
        0,
        0,
        0,
        0
      ],
      "/data/home/ubuntu/Desktop/snapslikeapp2-89023-ruby/template-app/app/services/bx_block_order_management/state_process.rb": [
        0,
        0,
        null,
        null,
        0,
        null,
        0,
        0,
        0,
        0,
        0,
        0,
        null,
        0,
        0,
        0,
        0,
        0,
        0,
        0,
        0,
        0,
        0,
        0,
        0,
        null,
        0,
        null,
        0,
        0,
        0,
        0,
        null,
        0,
        0
      ],
      "/data/home/ubuntu/Desktop/snapslikeapp2-89023-ruby/template-app/app/services/bx_block_order_management/update_cart_value.rb": [
        0,
        0,
        0,
        null,
        0,
        0,
        0,
        0,
        null,
        0,
        0,
        0,
        0,
        0,
        0,
        null,
        0,
        0,
        0,
        0,
        0,
        null,
        0,
        null,
        0,
        0,
        0,
        0,
        0,
        0,
        0,
        0,
        null,
        0,
        0,
        0,
        0,
        0,
        null,
        0,
        0,
        0,
        0,
        0
      ],
      "/data/home/ubuntu/Desktop/snapslikeapp2-89023-ruby/template-app/app/services/bx_block_order_management/add_address_to_order.rb": [
        0,
        0,
        null,
        0,
        null,
        0,
        0,
        0,
        0,
        0,
        null,
        0,
        0,
        0,
        0,
        0,
        0,
        0,
        null,
        0,
        0,
        0,
        null,
        0,
        0,
        0,
        null,
        0,
        0,
        0,
        0,
        null,
        0,
        0,
        0,
        null,
        0,
        0,
        0,
        null,
        0,
        0,
        0,
        null,
        0,
        0,
        null,
        0,
        0,
        0,
        0,
        0,
        0,
        0,
        0,
        0,
        0,
        0,
        0,
        0,
        0,
        0,
        0,
        0,
        0,
        0,
        0,
        0,
        0,
        0,
        0,
        null,
        0,
        null,
        0,
        0,
        0,
        null,
        0,
        0,
        0,
        0,
        0,
        0,
        null,
        0,
        0,
        0,
        0,
        0,
        0,
        null,
        0,
        0,
        0,
        0,
        0,
        0,
        0,
        0,
        0,
        0,
        0,
        0,
        0,
        0,
        0,
        0,
        0,
        null,
        0,
        0
      ],
      "/data/home/ubuntu/Desktop/snapslikeapp2-89023-ruby/template-app/app/services/bx_block_order_management/validity.rb": [
        0,
        0,
        0,
        null,
        0,
        0,
        0,
        0,
        0,
        0,
        0,
        null,
        0,
        0,
        0,
        0,
        0,
        0,
        0,
        0,
        0,
        null,
        0,
        0,
        0,
        0,
        0,
        0,
        0,
        0,
        0,
        0,
        0,
        0,
        0,
        0,
        0,
        0,
        0,
        0,
        0,
        0,
        0,
        null,
        0,
        0,
        0,
        0,
        0,
        0,
        0,
        null,
        0,
        0,
        0,
        0,
        0,
        0,
        0,
        0,
        0,
        0,
        0,
        0,
        0,
        0,
        0,
        0,
        0,
        0,
        null,
        0,
        0,
        0,
        0,
        0,
        0,
        0,
        0,
        0,
        0,
        0,
        0,
        0,
        0,
        0,
        0,
        0,
        0,
        null,
        0,
        0,
        0,
        0,
        null,
        0,
        0
      ],
      "/data/home/ubuntu/Desktop/snapslikeapp2-89023-ruby/template-app/app/services/bx_block_order_management/update_payment.rb": [
        0,
        0,
        0,
        null,
        0,
        null,
        0,
        null,
        0,
        0,
        0,
        0,
        0,
        0,
        0,
        0,
        null,
        0,
        0,
        0,
        0,
        0,
        0,
        0,
        0,
        0,
        null,
        0,
        0,
        0,
        0,
        0,
        0,
        0,
        0,
        0,
        0,
        0,
        0,
        0,
        0,
        0,
        0,
        0,
        null,
        0,
        0,
        0,
        0,
        0,
        0,
        0,
        0,
        0,
        0,
        0,
        0,
        0,
        0,
        0,
        0,
        null,
        0,
        0,
        0,
        0,
        0,
        0,
        0,
        0,
        0,
        0,
        0,
        0,
        0,
        0,
        0,
        0,
        0,
        0,
        0,
        0,
        0,
        0,
        0,
        0,
        0,
        0,
        0,
        0,
        0,
        0,
        0,
        0,
        0,
        0,
        null,
        0,
        null,
        0,
        0,
        0,
        0,
        0,
        0,
        0,
        0,
        0,
        0,
        null,
        0,
        0,
        0,
        0,
        0,
        0,
        0,
        0,
        0,
        null,
        0,
        0,
        0,
        0,
        0,
        0,
        0,
        0,
        0,
        0,
        null,
        0,
        0,
        0,
        0,
        0,
        0,
        0,
        0,
        null,
        0,
        0,
        0,
        0,
        0,
        0,
        null,
        0,
        0
      ],
      "/data/home/ubuntu/Desktop/snapslikeapp2-89023-ruby/template-app/app/services/bx_block_posts/create.rb": [
        0,
        0,
        0,
        0,
        0,
        0,
        null,
        0,
        0,
        0,
        0,
        0,
        0,
        0
      ],
      "/data/home/ubuntu/Desktop/snapslikeapp2-89023-ruby/template-app/app/services/bx_block_posts/update.rb": [
        0,
        0,
        0,
        0,
        0,
        0,
        null,
        0,
        0,
        0,
        0,
        0,
        0,
        0,
        0,
        0,
        0,
        0,
        0,
        0,
        0,
        0,
        0,
        0
      ],
      "/data/home/ubuntu/Desktop/snapslikeapp2-89023-ruby/template-app/app/services/bx_block_appointment_management/time_slots_calculator.rb": [
        0,
        0,
        null,
        0,
        0,
        0,
        0,
        0,
        0,
        0,
        0,
        0,
        0,
        0,
        0,
        0,
        0,
        0,
        0,
        0,
        0,
        0,
        0,
        0,
        0
      ],
      "/data/home/ubuntu/Desktop/snapslikeapp2-89023-ruby/template-app/app/services/bx_block_profile/change_phone_validator.rb": [
        0,
        0,
        0,
        null,
        0,
        0,
        0,
        0,
        null,
        0,
        0,
        0,
        null,
        0,
        0,
        0,
        0,
        null,
        0,
        0,
        0,
        0,
        null,
        0,
        null,
        0,
        0,
        0,
        0,
        null,
        0,
        0,
        0,
        0,
        0,
        null,
        0,
        0,
        0,
        0,
        0
      ],
      "/data/home/ubuntu/Desktop/snapslikeapp2-89023-ruby/template-app/app/services/bx_block_profile/change_email_validator.rb": [
        0,
        0,
        0,
        null,
        0,
        0,
        0,
        0,
        null,
        0,
        0,
        0,
        null,
        0,
        0,
        0,
        0,
        null,
        0,
        0,
        0,
        0,
        null,
        0,
        null,
        0,
        0,
        0,
        0,
        null,
        0,
        0,
        0,
        0,
        0,
        null,
        0,
        0,
        0,
        0,
        0
      ],
      "/data/home/ubuntu/Desktop/snapslikeapp2-89023-ruby/template-app/app/services/bx_block_profile/change_password_validator.rb": [
        0,
        0,
        0,
        null,
        0,
        0,
        0,
        0,
        null,
        0,
        0,
        0,
        0,
        0,
        0,
        null,
        0,
        0,
        0,
        0,
        0,
        null,
        0,
        0,
        0,
        0,
        null,
        0,
        null,
        0,
        0,
        0,
        0,
        0,
        0,
        0
      ],
      "/data/home/ubuntu/Desktop/snapslikeapp2-89023-ruby/template-app/app/services/bx_block_notifications/notification_creator.rb": [
        0,
        0,
        0,
        0,
        0,
        0,
        0,
        0,
        0,
        0,
        0,
        0,
        0,
        0,
        null,
        0,
        0,
        0,
        0,
        0,
        0,
        0,
        0,
        0,
        0,
        0
      ],
      "/data/home/ubuntu/Desktop/snapslikeapp2-89023-ruby/template-app/app/models/bx_block_content_management/application_record.rb": [
        0,
        0,
        0,
        0,
        0
      ],
      "/data/home/ubuntu/Desktop/snapslikeapp2-89023-ruby/template-app/app/models/bx_block_refundmanagement/application_record.rb": [
        0,
        0,
        0,
        0,
        0
      ],
      "/data/home/ubuntu/Desktop/snapslikeapp2-89023-ruby/template-app/app/models/bx_block_gallery/photo.rb": [
        0,
        0,
        0,
        null,
        null,
        null,
        null,
        null,
        0,
        0
      ],
      "/data/home/ubuntu/Desktop/snapslikeapp2-89023-ruby/template-app/app/models/bx_block_gallery/application_record.rb": [
        0,
        0,
        0,
        0,
        0
      ],
      "/data/home/ubuntu/Desktop/snapslikeapp2-89023-ruby/template-app/app/models/bx_block_language_options/application_record.rb": [
        0,
        0,
        0,
        0,
        0
      ],
      "/data/home/ubuntu/Desktop/snapslikeapp2-89023-ruby/template-app/app/models/bx_block_fedex_integration/pickup.rb": [
        null,
        null,
        null,
        null,
        null,
        null,
        null,
        null,
        null,
        null,
        null,
        null,
        null,
        null,
        null,
        null,
        null,
        null,
        0,
        0,
        0,
        0
      ],
      "/data/home/ubuntu/Desktop/snapslikeapp2-89023-ruby/template-app/app/models/bx_block_fedex_integration/delivery.rb": [
        null,
        null,
        null,
        null,
        null,
        null,
        null,
        null,
        null,
        null,
        null,
        null,
        null,
        null,
        null,
        null,
        null,
        null,
        0,
        0,
        0,
        0
      ],
      "/data/home/ubuntu/Desktop/snapslikeapp2-89023-ruby/template-app/app/models/bx_block_activitylog/application_record.rb": [
        0,
        0,
        0,
        0,
        0
      ],
      "/data/home/ubuntu/Desktop/snapslikeapp2-89023-ruby/template-app/app/models/bx_block_statisticsreports/application_record.rb": [
        0,
        0,
        0,
        0,
        0
      ],
      "/data/home/ubuntu/Desktop/snapslikeapp2-89023-ruby/template-app/app/models/bx_block_cfshiprocketintegration2/application_record.rb": [
        0,
        0,
        0,
        0,
        0
      ],
      "/data/home/ubuntu/Desktop/snapslikeapp2-89023-ruby/template-app/app/models/bx_block_dragdropinterface/application_record.rb": [
        0,
        0,
        0,
        0,
        0
      ],
      "/data/home/ubuntu/Desktop/snapslikeapp2-89023-ruby/template-app/app/models/bx_block_custom_user_subs/application_record.rb": [
        0,
        0,
        0,
        0,
        0
      ],
      "/data/home/ubuntu/Desktop/snapslikeapp2-89023-ruby/template-app/app/models/bx_block_push_notifications/application_record.rb": [
        0,
        0,
        0,
        0,
        0
      ],
      "/data/home/ubuntu/Desktop/snapslikeapp2-89023-ruby/template-app/app/models/bx_block_email_notifications/application_record.rb": [
        0,
        0,
        0,
        0,
        0
      ],
      "/data/home/ubuntu/Desktop/snapslikeapp2-89023-ruby/template-app/app/models/bx_block_cfinterfaceforbookpreview2/application_record.rb": [
        0,
        0,
        0,
        0,
        0
      ],
      "/data/home/ubuntu/Desktop/snapslikeapp2-89023-ruby/template-app/app/models/bx_block_landingpage3/application_record.rb": [
        0,
        0,
        0,
        0,
        0
      ],
      "/data/home/ubuntu/Desktop/snapslikeapp2-89023-ruby/template-app/app/models/bx_block_book/contribution_image.rb": [
        0,
        0,
        0,
        0,
        0
      ],
      "/data/home/ubuntu/Desktop/snapslikeapp2-89023-ruby/template-app/app/models/bx_block_book/album_size.rb": [
        0,
        0,
        0,
        0,
        0
      ],
      "/data/home/ubuntu/Desktop/snapslikeapp2-89023-ruby/template-app/app/models/bx_block_location/application_record.rb": [
        0,
        0,
        0,
        0,
        0
      ],
      "/data/home/ubuntu/Desktop/snapslikeapp2-89023-ruby/template-app/app/models/bx_block_shopping_cart/application_record.rb": [
        0,
        0,
        0,
        0,
        0
      ],
      "/data/home/ubuntu/Desktop/snapslikeapp2-89023-ruby/template-app/app/models/bx_block_coupons/refferal_coupon.rb": [
        0,
        0,
        0,
        0,
        0
      ],
      "/data/home/ubuntu/Desktop/snapslikeapp2-89023-ruby/template-app/app/models/bx_block_coupons/application_record.rb": [
        0,
        0,
        0,
        0,
        0
      ],
      "/data/home/ubuntu/Desktop/snapslikeapp2-89023-ruby/template-app/app/models/bx_block_login/application_record.rb": [
        0,
        0,
        0,
        0,
        0
      ],
      "/data/home/ubuntu/Desktop/snapslikeapp2-89023-ruby/template-app/app/models/bx_block_cfanimationsandtransition2/application_record.rb": [
        0,
        0,
        0,
        0,
        0
      ],
      "/data/home/ubuntu/Desktop/snapslikeapp2-89023-ruby/template-app/app/models/bx_block_analytics3/application_record.rb": [
        0,
        0,
        0,
        0,
        0
      ],
      "/data/home/ubuntu/Desktop/snapslikeapp2-89023-ruby/template-app/app/models/bx_block_screenshoteditor0/application_record.rb": [
        0,
        0,
        0,
        0,
        0
      ],
      "/data/home/ubuntu/Desktop/snapslikeapp2-89023-ruby/template-app/app/models/bx_block_invoicebilling/application_record.rb": [
        0,
        0,
        0,
        0,
        0
      ],
      "/data/home/ubuntu/Desktop/snapslikeapp2-89023-ruby/template-app/app/models/bx_block_dashboard/dashboard.rb": [
        0,
        0,
        0,
        0,
        0,
        null
      ],
      "/data/home/ubuntu/Desktop/snapslikeapp2-89023-ruby/template-app/app/models/bx_block_dashboard/application_record.rb": [
        0,
        0,
        0,
        0,
        0
      ],
      "/data/home/ubuntu/Desktop/snapslikeapp2-89023-ruby/template-app/app/models/bx_block_forgot_password/application_record.rb": [
        0,
        0,
        0,
        0,
        0
      ],
      "/data/home/ubuntu/Desktop/snapslikeapp2-89023-ruby/template-app/app/models/bx_block_roles_permissions/application_record.rb": [
        0,
        0,
        0,
        0,
        0
      ],
      "/data/home/ubuntu/Desktop/snapslikeapp2-89023-ruby/template-app/app/models/bx_block_settings/application_record.rb": [
        0,
        0,
        0,
        0,
        0
      ],
      "/data/home/ubuntu/Desktop/snapslikeapp2-89023-ruby/template-app/app/models/bx_block_calendar/application_record.rb": [
        0,
        0,
        0,
        0,
        0
      ],
      "/data/home/ubuntu/Desktop/snapslikeapp2-89023-ruby/template-app/app/models/bx_block_appointment_management/application_record.rb": [
        0,
        0,
        0,
        0,
        0
      ],
      "/data/home/ubuntu/Desktop/snapslikeapp2-89023-ruby/template-app/app/models/bx_block_download/application_record.rb": [
        0,
        0,
        0,
        0,
        0
      ],
      "/data/home/ubuntu/Desktop/snapslikeapp2-89023-ruby/template-app/app/models/bx_block_cfgooglephotosintegration2/application_record.rb": [
        0,
        0,
        0,
        0,
        0
      ],
      "/data/home/ubuntu/Desktop/snapslikeapp2-89023-ruby/template-app/app/models/bx_block_profile/associated_project.rb": [
        0,
        0,
        0,
        0,
        0,
        0,
        0
      ],
      "/data/home/ubuntu/Desktop/snapslikeapp2-89023-ruby/template-app/app/models/bx_block_profile/career_experience_system_experience.rb": [
        0,
        0,
        0,
        0,
        0,
        0,
        0
      ],
      "/data/home/ubuntu/Desktop/snapslikeapp2-89023-ruby/template-app/app/models/bx_block_cors/application_record.rb": [
        0,
        0,
        0,
        0,
        0
      ],
      "/data/home/ubuntu/Desktop/snapslikeapp2-89023-ruby/template-app/app/models/bx_block_catalogue/catalogue_variant_color.rb": [
        0,
        0,
        0,
        0,
        0
      ],
      "/data/home/ubuntu/Desktop/snapslikeapp2-89023-ruby/template-app/app/models/bx_block_catalogue/catalogue_variant_size.rb": [
        0,
        0,
        0,
        0,
        0
      ],
      "/data/home/ubuntu/Desktop/snapslikeapp2-89023-ruby/template-app/app/models/bx_block_catalogue/brand.rb": [
        0,
        0,
        0,
        0,
        0
      ],
      "/data/home/ubuntu/Desktop/snapslikeapp2-89023-ruby/template-app/app/models/bx_block_notifications/application_record.rb": [
        0,
        0,
        0,
        0,
        0
      ],
      "/data/home/ubuntu/Desktop/snapslikeapp2-89023-ruby/template-app/app/models/bx_block_projecttemplates/application_record.rb": [
        0,
        0,
        0,
        0,
        0
      ],
      "/data/home/ubuntu/Desktop/snapslikeapp2-89023-ruby/template-app/app/workers/bx_block_order_management/attach_compressed_images_worker.rb": [
        0,
        0,
        0,
        0,
        null,
        0,
        0,
        0,
        0,
        0,
        0,
        0,
        0,
        0,
        0,
        0,
        0,
        0,
        0,
        null,
        0,
        0
      ],
      "/data/home/ubuntu/Desktop/snapslikeapp2-89023-ruby/template-app/app/workers/bx_block_appointment_management/add_one_day_availability_worker.rb": [
        0,
        null,
        0,
        0,
        null,
        0,
        0,
        0,
        0,
        0,
        0,
        0,
        0,
        0,
        0,
        0,
        0,
        0,
        null,
        0,
        0,
        0,
        0,
        0,
        null,
        0,
        0,
        0,
        0,
        0
      ],
      "/data/home/ubuntu/Desktop/snapslikeapp2-89023-ruby/template-app/app/workers/bx_block_appointment_management/create_availability_worker.rb": [
        0,
        null,
        0,
        0,
        null,
        0,
        0,
        0,
        0,
        0,
        0,
        0,
        null,
        0,
        0,
        0,
        0,
        0,
        null,
        0,
        0,
        0,
        null,
        0,
        0,
        0,
        0,
        0,
        0,
        0,
        0,
        0,
        0,
        null,
        0,
        0
      ]
    },
    "timestamp": 1687244162
  }
}
